Build started 2017/8/1 20:34:00.
     1>Project "F:\cxf\实验代码\DP\neighbour\distortion\distortion.vcxproj" on node 2 (build target(s)).
     1>InitializeBuildStatus:
         Creating "Release\distortion.unsuccessfulbuild" because "AlwaysCreate" was specified.
       ClCompile:
         All outputs are up-to-date.
         C:\Program Files (x86)\Microsoft Visual Studio 10.0\VC\bin\CL.exe /c /I"C:\Program Files (x86)\MATLAB\R2012a\extern\include" /Zi /nologo /W3 /WX- /O2 /Oi /Oy- /GL /D WIN32 /D _WINDOWS /D NDEBUG /D _MBCS /D _AFXDLL /Gm- /EHsc /MD /GS /Gy /fp:precise /Zc:wchar_t /Zc:forScope /Yu"StdAfx.h" /Fp"Release\distortion.pch" /Fo"Release\\" /Fd"Release\vc100.pdb" /Gd /TP /analyze- /errorReport:prompt distortionView.cpp
         distortionView.cpp
     1>distortionView.cpp(220): warning C4244: “参数”: 从“double”转换到“int”，可能丢失数据
     1>distortionView.cpp(220): warning C4244: “参数”: 从“double”转换到“int”，可能丢失数据
     1>distortionView.cpp(220): warning C4244: “参数”: 从“double”转换到“int”，可能丢失数据
     1>distortionView.cpp(220): warning C4244: “参数”: 从“double”转换到“int”，可能丢失数据
     1>distortionView.cpp(221): warning C4244: “初始化”: 从“double”转换到“float”，可能丢失数据
       ResourceCompile:
         All outputs are up-to-date.
       Link:
         C:\Program Files (x86)\Microsoft Visual Studio 10.0\VC\bin\link.exe /ERRORREPORT:PROMPT /OUT:"F:\cxf\实验代码\DP\neighbour\Release\distortion.exe" /INCREMENTAL:NO /NOLOGO /LIBPATH:"C:\Program Files (x86)\MATLAB\R2012a\extern\lib\win32\microsoft" libeng.lib libmat.lib libmex.lib libmx.lib mclmcrrt.lib mclmcr.lib opencv_objdetect249.lib opencv_ts249.lib opencv_video249.lib opencv_nonfree249.lib opencv_ocl249.lib opencv_photo249.lib opencv_stitching249.lib opencv_superres249.lib opencv_videostab249.lib opencv_calib3d249.lib opencv_contrib249.lib opencv_core249.lib opencv_features2d249.lib opencv_flann249.lib opencv_gpu249.lib opencv_highgui249.lib opencv_imgproc249.lib opencv_legacy249.lib opencv_ml249.lib /MANIFEST /ManifestFile:"Release\distortion.exe.intermediate.manifest" /MANIFESTUAC:"level='asInvoker' uiAccess='false'" /DEBUG /PDB:"F:\cxf\实验代码\DP\neighbour\Release\distortion.pdb" /SUBSYSTEM:WINDOWS /OPT:REF /OPT:ICF /LTCG /TLBID:1 /DYNAMICBASE /NXCOMPAT /IMPLIB:"F:\cxf\实验代码\DP\neighbour\Release\distortion.lib" /MACHINE:X86 Release\distortion.res
         Release\CvvImage.obj
         Release\distortion.obj
         Release\distortionView.obj
         Release\Infrare.obj
         Release\MainFrm.obj
         Release\Reading.obj
         Release\stdafx.obj
         正在生成代码
         已完成代码的生成
         distortion.vcxproj -> F:\cxf\实验代码\DP\neighbour\Release\distortion.exe
       Manifest:
         C:\Program Files (x86)\Microsoft SDKs\Windows\v7.0A\bin\mt.exe /nologo /verbose /outputresource:"F:\cxf\实验代码\DP\neighbour\Release\distortion.exe;#1" /manifest Release\distortion.exe.intermediate.manifest "C:\Program Files (x86)\Microsoft Visual Studio 10.0\VC\Include\Manifest\dpiaware.manifest"
       FinalizeBuildStatus:
         Deleting file "Release\distortion.unsuccessfulbuild".
         Touching "Release\distortion.lastbuildstate".
     1>Done Building Project "F:\cxf\实验代码\DP\neighbour\distortion\distortion.vcxproj" (build target(s)).

Build succeeded.

Time Elapsed 00:00:03.06
