Build started 2017/7/25 22:11:28.
     1>Project "F:\cxf\实验代码\DP\neighbour\distortion\distortion.vcxproj" on node 2 (build target(s)).
     1>InitializeBuildStatus:
         Creating "Debug\distortion.unsuccessfulbuild" because "AlwaysCreate" was specified.
       ClCompile:
         All outputs are up-to-date.
         C:\Program Files (x86)\Microsoft Visual Studio 10.0\VC\bin\CL.exe /c /I"C:\Program Files (x86)\MATLAB\R2012a\extern\include" /Zi /nologo /W3 /WX- /Od /Oy- /D WIN32 /D _WINDOWS /D _DEBUG /D _MBCS /Gm /EHsc /RTC1 /MTd /GS /fp:precise /Zc:wchar_t /Zc:forScope /Yu"StdAfx.h" /Fp"Debug\distortion.pch" /Fo"Debug\\" /Fd"Debug\vc100.pdb" /Gd /TP /analyze- /errorReport:prompt distortionView.cpp
         distortionView.cpp
     1>distortionView.cpp(211): warning C4244: “参数”: 从“double”转换到“int”，可能丢失数据
     1>distortionView.cpp(211): warning C4244: “参数”: 从“double”转换到“int”，可能丢失数据
     1>distortionView.cpp(211): warning C4244: “参数”: 从“double”转换到“int”，可能丢失数据
     1>distortionView.cpp(211): warning C4244: “参数”: 从“double”转换到“int”，可能丢失数据
     1>distortionView.cpp(212): warning C4244: “初始化”: 从“double”转换到“float”，可能丢失数据
       ResourceCompile:
         All outputs are up-to-date.
       ManifestResourceCompile:
         All outputs are up-to-date.
       Link:
         C:\Program Files (x86)\Microsoft Visual Studio 10.0\VC\bin\link.exe /ERRORREPORT:PROMPT /OUT:"F:\cxf\实验代码\DP\neighbour\Debug\distortion.exe" /INCREMENTAL /NOLOGO /LIBPATH:"C:\Program Files (x86)\MATLAB\R2012a\extern\lib\win32\microsoft" opencv_calib3d249d.lib opencv_contrib249d.lib opencv_core249d.lib opencv_features2d249d.lib opencv_flann249d.lib opencv_gpu249d.lib opencv_highgui249d.lib opencv_imgproc249d.lib opencv_legacy249d.lib opencv_ml249d.lib opencv_objdetect249d.lib opencv_ts249d.lib opencv_video249d.lib libeng.lib libmat.lib libmex.lib libmx.lib mclmcrrt.lib mclmcr.lib opencv_objdetect249.lib opencv_ts249.lib opencv_video249.lib opencv_nonfree249.lib opencv_ocl249.lib opencv_photo249.lib opencv_stitching249.lib opencv_superres249.lib opencv_videostab249.lib opencv_calib3d249.lib opencv_contrib249.lib opencv_core249.lib opencv_features2d249.lib opencv_flann249.lib opencv_gpu249.lib opencv_highgui249.lib opencv_imgproc249.lib opencv_legacy249.lib opencv_ml249.lib /MANIFEST /ManifestFile:"Debug\distortion.exe.intermediate.manifest" /MANIFESTUAC:"level='asInvoker' uiAccess='false'" /DEBUG /PDB:"F:\cxf\实验代码\DP\neighbour\Debug\distortion.pdb" /SUBSYSTEM:WINDOWS /TLBID:1 /DYNAMICBASE /NXCOMPAT /IMPLIB:"F:\cxf\实验代码\DP\neighbour\Debug\distortion.lib" /MACHINE:X86 Debug\distortion.res
         Debug\distortion.exe.embed.manifest.res
         Debug\CvvImage.obj
         Debug\distortion.obj
         Debug\distortionView.obj
         Debug\Infrare.obj
         Debug\MainFrm.obj
         Debug\Reading.obj
         Debug\stdafx.obj
       Manifest:
         C:\Program Files (x86)\Microsoft SDKs\Windows\v7.0A\bin\mt.exe /nologo /verbose /out:"Debug\distortion.exe.embed.manifest" /manifest Debug\distortion.exe.intermediate.manifest "C:\Program Files (x86)\Microsoft Visual Studio 10.0\VC\Include\Manifest\dpiaware.manifest"
         All outputs are up-to-date.
       LinkEmbedManifest:
         All outputs are up-to-date.
         distortion.vcxproj -> F:\cxf\实验代码\DP\neighbour\Debug\distortion.exe
       FinalizeBuildStatus:
         Deleting file "Debug\distortion.unsuccessfulbuild".
         Touching "Debug\distortion.lastbuildstate".
     1>Done Building Project "F:\cxf\实验代码\DP\neighbour\distortion\distortion.vcxproj" (build target(s)).

Build succeeded.

Time Elapsed 00:00:02.39
