F:\HTT\DP\NEIGHBOUR\DEBUG\DISTORTION.EXE
F:\HTT\DP\NEIGHBOUR\DEBUG\DISTORTION.ILK
F:\HTT\DP\NEIGHBOUR\DEBUG\DISTORTION.PDB
F:\htt\DP\neighbour\distortion\Debug\cl.command.1.tlog
F:\htt\DP\neighbour\distortion\Debug\CL.read.1.tlog
F:\htt\DP\neighbour\distortion\Debug\CL.write.1.tlog
F:\HTT\DP\NEIGHBOUR\DISTORTION\DEBUG\CVVIMAGE.OBJ
F:\HTT\DP\NEIGHBOUR\DISTORTION\DEBUG\DISTORTION.EXE.EMBED.MANIFEST
F:\HTT\DP\NEIGHBOUR\DISTORTION\DEBUG\DISTORTION.EXE.EMBED.MANIFEST.RES
F:\HTT\DP\NEIGHBOUR\DISTORTION\DEBUG\DISTORTION.EXE.INTERMEDIATE.MANIFEST
F:\HTT\DP\NEIGHBOUR\DISTORTION\DEBUG\DISTORTION.OBJ
F:\HTT\DP\NEIGHBOUR\DISTORTION\DEBUG\DISTORTION.PCH
F:\HTT\DP\NEIGHBOUR\DISTORTION\DEBUG\DISTORTION.RES
F:\htt\DP\neighbour\distortion\Debug\distortion_manifest.rc
F:\HTT\DP\NEIGHBOUR\DISTORTION\DEBUG\DISTORTIONVIEW.OBJ
F:\htt\DP\neighbour\distortion\Debug\link.command.1.tlog
F:\htt\DP\neighbour\distortion\Debug\link.read.1.tlog
F:\htt\DP\neighbour\distortion\Debug\link.write.1.tlog
F:\htt\DP\neighbour\distortion\Debug\link-cvtres.read.1.tlog
F:\htt\DP\neighbour\distortion\Debug\link-cvtres.write.1.tlog
F:\HTT\DP\NEIGHBOUR\DISTORTION\DEBUG\MAINFRM.OBJ
F:\htt\DP\neighbour\distortion\Debug\mt.command.1.tlog
F:\htt\DP\neighbour\distortion\Debug\mt.read.1.tlog
F:\htt\DP\neighbour\distortion\Debug\mt.write.1.tlog
F:\htt\DP\neighbour\distortion\Debug\rc.command.1.tlog
F:\htt\DP\neighbour\distortion\Debug\rc.read.1.tlog
F:\htt\DP\neighbour\distortion\Debug\rc.write.1.tlog
F:\HTT\DP\NEIGHBOUR\DISTORTION\DEBUG\READING.OBJ
F:\HTT\DP\NEIGHBOUR\DISTORTION\DEBUG\STDAFX.OBJ
F:\htt\DP\neighbour\distortion\Debug\vc100.idb
F:\HTT\DP\NEIGHBOUR\DISTORTION\DEBUG\VC100.PDB
